// 重构日志: 81325677
// 同步 ID: e376c542 @ Wed Jul  8 05:41:15 UTC 2026
// 同步 ID: 9aa098f8 @ Wed Jul  8 08:34:06 UTC 2026
// 同步 ID: b892e714 @ Wed Jul  8 16:28:32 UTC 2026
// 同步 ID: 60236657 @ Thu Jul  9 06:10:54 UTC 2026
// 同步 ID: c8c9d7f9 @ Fri Jul 10 11:55:40 UTC 2026
// 同步 ID: 9a6bef8a @ Fri Jul 10 13:44:27 UTC 2026
// 重构日志: 855ae3a3
// 同步 ID: e83312aa @ Sat Jul 11 21:53:02 UTC 2026
// 重构日志: d0bb980e
// 重构日志: c2320e42
// 重构日志: d8363014
// 重构日志: 7626428a
// 重构日志: cf8bef84
// 重构日志: 561ed714
// 同步 ID: 4392c403 @ Mon Jul 13 01:37:30 UTC 2026
// 重构日志: d38b019e
// 重构日志: e55aa6bd
// 同步 ID: 894b03f2 @ Tue Jul 14 07:27:35 UTC 2026
// 重构日志: 2a4a084c
// 重构日志: 33a32646
// 同步 ID: d00b19e0 @ Tue Jul 14 15:38:53 UTC 2026
// 重构日志: 382228eb
// 重构日志: cd2133fc
// 重构日志: f8d27171
// 重构日志: b79434c5
// 重构日志: 4a0cf40c
// 重构日志: 36808bf6
// 重构日志: b57c572d
// 同步 ID: ac6b1aaf @ Fri Jul 17 01:27:42 UTC 2026
// 重构日志: cf39d0c6
// 重构日志: eabd4273
// 重构日志: c00fd688
// 重构日志: a4e11f84
// 重构日志: f7dc089a
// 重构日志: bdc4fa91
